<?xml version="1.0" encoding="UTF-8" standalone="yes"?><!DOCTYPE report PUBLIC "-//JACOCO//DTD Report 1.1//EN" "report.dtd"><report name="LicenseScout Maven Plugin"><sessioninfo id="DESKTOP-RQ80Q7K-84d842d9" start="1576835489343" dump="1576835495998"/><sessioninfo id="DESKTOP-RQ80Q7K-f0514943" start="1576836931661" dump="1576836936787"/><sessioninfo id="DESKTOP-RQ80Q7K-5c292adc" start="1576843729107" dump="1576843732490"/><sessioninfo id="DESKTOP-RQ80Q7K-84baa30" start="1576846732805" dump="1576846736147"/><sessioninfo id="DESKTOP-RQ80Q7K-66164212" start="1576859586578" dump="1576859590314"/><package name="org/aposin/licensescout/mojo"><class name="org/aposin/licensescout/mojo/AttachHelper" sourcefilename="AttachHelper.java"><method name="&lt;init&gt;" desc="()V" line="30"><counter type="INSTRUCTION" missed="3" covered="0"/><counter type="LINE" missed="1" covered="0"/><counter type="COMPLEXITY" missed="1" covered="0"/><counter type="METHOD" missed="1" covered="0"/></method><method name="attachReports" desc="(Lorg/apache/maven/project/MavenProject;Lorg/apache/maven/project/MavenProjectHelper;Lorg/aposin/licensescout/execution/ExecutionParameters;)V" line="42"><counter type="INSTRUCTION" missed="39" covered="0"/><counter type="BRANCH" missed="2" covered="0"/><counter type="LINE" missed="9" covered="0"/><counter type="COMPLEXITY" missed="2" covered="0"/><counter type="METHOD" missed="1" covered="0"/></method><counter type="INSTRUCTION" missed="42" covered="0"/><counter type="BRANCH" missed="2" covered="0"/><counter type="LINE" missed="10" covered="0"/><counter type="COMPLEXITY" missed="3" covered="0"/><counter type="METHOD" missed="2" covered="0"/><counter type="CLASS" missed="1" covered="0"/></class><class name="org/aposin/licensescout/mojo/NpmScanMojo" sourcefilename="NpmScanMojo.java"><method name="&lt;init&gt;" desc="()V" line="31"><counter type="INSTRUCTION" missed="0" covered="3"/><counter type="LINE" missed="0" covered="1"/><counter type="COMPLEXITY" missed="0" covered="1"/><counter type="METHOD" missed="0" covered="1"/></method><method name="getArchiveType" desc="()Lorg/aposin/licensescout/archive/ArchiveType;" line="46"><counter type="INSTRUCTION" missed="0" covered="2"/><counter type="LINE" missed="0" covered="1"/><counter type="COMPLEXITY" missed="0" covered="1"/><counter type="METHOD" missed="0" covered="1"/></method><method name="getNpmExcludedDirectoryNames" desc="()Ljava/util/List;" line="53"><counter type="INSTRUCTION" missed="3" covered="0"/><counter type="LINE" missed="1" covered="0"/><counter type="COMPLEXITY" missed="1" covered="0"/><counter type="METHOD" missed="1" covered="0"/></method><counter type="INSTRUCTION" missed="3" covered="5"/><counter type="LINE" missed="1" covered="2"/><counter type="COMPLEXITY" missed="1" covered="2"/><counter type="METHOD" missed="1" covered="2"/><counter type="CLASS" missed="0" covered="1"/></class><class name="org/aposin/licensescout/mojo/JavaScanMojo" sourcefilename="JavaScanMojo.java"><method name="&lt;init&gt;" desc="()V" line="28"><counter type="INSTRUCTION" missed="0" covered="3"/><counter type="LINE" missed="0" covered="1"/><counter type="COMPLEXITY" missed="0" covered="1"/><counter type="METHOD" missed="0" covered="1"/></method><method name="getArchiveType" desc="()Lorg/aposin/licensescout/archive/ArchiveType;" line="35"><counter type="INSTRUCTION" missed="0" covered="2"/><counter type="LINE" missed="0" covered="1"/><counter type="COMPLEXITY" missed="0" covered="1"/><counter type="METHOD" missed="0" covered="1"/></method><counter type="INSTRUCTION" missed="0" covered="5"/><counter type="LINE" missed="0" covered="2"/><counter type="COMPLEXITY" missed="0" covered="2"/><counter type="METHOD" missed="0" covered="2"/><counter type="CLASS" missed="0" covered="1"/></class><class name="org/aposin/licensescout/mojo/HelpMojo" sourcefilename="HelpMojo.java"><method name="&lt;init&gt;" desc="()V" line="29"><counter type="INSTRUCTION" missed="3" covered="0"/><counter type="LINE" missed="1" covered="0"/><counter type="COMPLEXITY" missed="1" covered="0"/><counter type="METHOD" missed="1" covered="0"/></method><method name="build" desc="()Lorg/w3c/dom/Document;" line="69"><counter type="INSTRUCTION" missed="59" covered="0"/><counter type="BRANCH" missed="2" covered="0"/><counter type="LINE" missed="17" covered="0"/><counter type="COMPLEXITY" missed="2" covered="0"/><counter type="METHOD" missed="1" covered="0"/></method><method name="execute" desc="()V" line="112"><counter type="INSTRUCTION" missed="163" covered="0"/><counter type="BRANCH" missed="20" covered="0"/><counter type="LINE" missed="31" covered="0"/><counter type="COMPLEXITY" missed="11" covered="0"/><counter type="METHOD" missed="1" covered="0"/></method><method name="isNotEmpty" desc="(Ljava/lang/String;)Z" line="177"><counter type="INSTRUCTION" missed="9" covered="0"/><counter type="BRANCH" missed="4" covered="0"/><counter type="LINE" missed="1" covered="0"/><counter type="COMPLEXITY" missed="3" covered="0"/><counter type="METHOD" missed="1" covered="0"/></method><method name="getValue" desc="(Lorg/w3c/dom/Node;Ljava/lang/String;)Ljava/lang/String;" line="183"><counter type="INSTRUCTION" missed="6" covered="0"/><counter type="LINE" missed="1" covered="0"/><counter type="COMPLEXITY" missed="1" covered="0"/><counter type="METHOD" missed="1" covered="0"/></method><method name="getSingleChild" desc="(Lorg/w3c/dom/Node;Ljava/lang/String;)Lorg/w3c/dom/Node;" line="189"><counter type="INSTRUCTION" missed="29" covered="0"/><counter type="BRANCH" missed="4" covered="0"/><counter type="LINE" missed="6" covered="0"/><counter type="COMPLEXITY" missed="3" covered="0"/><counter type="METHOD" missed="1" covered="0"/></method><method name="findNamedChild" desc="(Lorg/w3c/dom/Node;Ljava/lang/String;)Ljava/util/List;" line="203"><counter type="INSTRUCTION" missed="30" covered="0"/><counter type="BRANCH" missed="4" covered="0"/><counter type="LINE" missed="7" covered="0"/><counter type="COMPLEXITY" missed="3" covered="0"/><counter type="METHOD" missed="1" covered="0"/></method><method name="findSingleChild" desc="(Lorg/w3c/dom/Node;Ljava/lang/String;)Lorg/w3c/dom/Node;" line="219"><counter type="INSTRUCTION" missed="25" covered="0"/><counter type="BRANCH" missed="4" covered="0"/><counter type="LINE" missed="6" covered="0"/><counter type="COMPLEXITY" missed="3" covered="0"/><counter type="METHOD" missed="1" covered="0"/></method><method name="writeGoal" desc="(Ljava/lang/StringBuilder;Ljava/lang/String;Lorg/w3c/dom/Element;)V" line="234"><counter type="INSTRUCTION" missed="122" covered="0"/><counter type="BRANCH" missed="20" covered="0"/><counter type="LINE" missed="23" covered="0"/><counter type="COMPLEXITY" missed="11" covered="0"/><counter type="METHOD" missed="1" covered="0"/></method><method name="writeParameter" desc="(Ljava/lang/StringBuilder;Lorg/w3c/dom/Node;Lorg/w3c/dom/Node;)V" line="274"><counter type="INSTRUCTION" missed="103" covered="0"/><counter type="BRANCH" missed="16" covered="0"/><counter type="LINE" missed="21" covered="0"/><counter type="COMPLEXITY" missed="9" covered="0"/><counter type="METHOD" missed="1" covered="0"/></method><method name="repeat" desc="(Ljava/lang/String;I)Ljava/lang/String;" line="320"><counter type="INSTRUCTION" missed="22" covered="0"/><counter type="BRANCH" missed="2" covered="0"/><counter type="LINE" missed="4" covered="0"/><counter type="COMPLEXITY" missed="2" covered="0"/><counter type="METHOD" missed="1" covered="0"/></method><method name="append" desc="(Ljava/lang/StringBuilder;Ljava/lang/String;I)V" line="340"><counter type="INSTRUCTION" missed="24" covered="0"/><counter type="BRANCH" missed="2" covered="0"/><counter type="LINE" missed="4" covered="0"/><counter type="COMPLEXITY" missed="2" covered="0"/><counter type="METHOD" missed="1" covered="0"/></method><method name="toLines" desc="(Ljava/lang/String;III)Ljava/util/List;" line="358"><counter type="INSTRUCTION" missed="37" covered="0"/><counter type="BRANCH" missed="2" covered="0"/><counter type="LINE" missed="6" covered="0"/><counter type="COMPLEXITY" missed="2" covered="0"/><counter type="METHOD" missed="1" covered="0"/></method><method name="toLines" desc="(Ljava/util/List;Ljava/lang/String;II)V" line="382"><counter type="INSTRUCTION" missed="104" covered="0"/><counter type="BRANCH" missed="12" covered="0"/><counter type="LINE" missed="19" covered="0"/><counter type="COMPLEXITY" missed="7" covered="0"/><counter type="METHOD" missed="1" covered="0"/></method><method name="getIndentLevel" desc="(Ljava/lang/String;)I" line="431"><counter type="INSTRUCTION" missed="40" covered="0"/><counter type="BRANCH" missed="10" covered="0"/><counter type="LINE" missed="8" covered="0"/><counter type="COMPLEXITY" missed="6" covered="0"/><counter type="METHOD" missed="1" covered="0"/></method><method name="getPropertyFromExpression" desc="(Ljava/lang/String;)Ljava/lang/String;" line="449"><counter type="INSTRUCTION" missed="26" covered="0"/><counter type="BRANCH" missed="8" covered="0"/><counter type="LINE" missed="4" covered="0"/><counter type="COMPLEXITY" missed="5" covered="0"/><counter type="METHOD" missed="1" covered="0"/></method><counter type="INSTRUCTION" missed="802" covered="0"/><counter type="BRANCH" missed="110" covered="0"/><counter type="LINE" missed="159" covered="0"/><counter type="COMPLEXITY" missed="71" covered="0"/><counter type="METHOD" missed="16" covered="0"/><counter type="CLASS" missed="1" covered="0"/></class><class name="org/aposin/licensescout/mojo/AbstractScanMojo" sourcefilename="AbstractScanMojo.java"><method name="&lt;init&gt;" desc="()V" line="56"><counter type="INSTRUCTION" missed="0" covered="3"/><counter type="LINE" missed="0" covered="1"/><counter type="COMPLEXITY" missed="0" covered="1"/><counter type="METHOD" missed="0" covered="1"/></method><method name="execute" desc="()V" line="396"><counter type="INSTRUCTION" missed="99" covered="0"/><counter type="BRANCH" missed="6" covered="0"/><counter type="LINE" missed="25" covered="0"/><counter type="COMPLEXITY" missed="4" covered="0"/><counter type="METHOD" missed="1" covered="0"/></method><method name="createConfigFileHandler" desc="(Ljava/io/File;Lorg/aposin/licensescout/configuration/ConfigFileParameters;Lorg/aposin/licensescout/util/ILFLog;)Lorg/aposin/licensescout/configuration/ConfigFileHandler;" line="442"><counter type="INSTRUCTION" missed="26" covered="0"/><counter type="BRANCH" missed="2" covered="0"/><counter type="LINE" missed="6" covered="0"/><counter type="COMPLEXITY" missed="2" covered="0"/><counter type="METHOD" missed="1" covered="0"/></method><method name="attachReports" desc="(Lorg/aposin/licensescout/execution/ExecutionParameters;Lorg/aposin/licensescout/util/ILFLog;)V" line="457"><counter type="INSTRUCTION" missed="14" covered="0"/><counter type="BRANCH" missed="2" covered="0"/><counter type="LINE" missed="4" covered="0"/><counter type="COMPLEXITY" missed="2" covered="0"/><counter type="METHOD" missed="1" covered="0"/></method><method name="isShowDocumentationUrl" desc="()Z" line="477"><counter type="INSTRUCTION" missed="3" covered="0"/><counter type="LINE" missed="1" covered="0"/><counter type="COMPLEXITY" missed="1" covered="0"/><counter type="METHOD" missed="1" covered="0"/></method><method name="getScanDirectory" desc="()Ljava/io/File;" line="484"><counter type="INSTRUCTION" missed="3" covered="0"/><counter type="LINE" missed="1" covered="0"/><counter type="COMPLEXITY" missed="1" covered="0"/><counter type="METHOD" missed="1" covered="0"/></method><method name="getOutputDirectory" desc="()Ljava/lang/String;" line="491"><counter type="INSTRUCTION" missed="3" covered="0"/><counter type="LINE" missed="1" covered="0"/><counter type="COMPLEXITY" missed="1" covered="0"/><counter type="METHOD" missed="1" covered="0"/></method><method name="getOutputs" desc="()Ljava/util/List;" line="498"><counter type="INSTRUCTION" missed="3" covered="0"/><counter type="LINE" missed="1" covered="0"/><counter type="COMPLEXITY" missed="1" covered="0"/><counter type="METHOD" missed="1" covered="0"/></method><method name="getLicensesFilename" desc="()Ljava/io/File;" line="505"><counter type="INSTRUCTION" missed="3" covered="0"/><counter type="LINE" missed="1" covered="0"/><counter type="COMPLEXITY" missed="1" covered="0"/><counter type="METHOD" missed="1" covered="0"/></method><method name="getProvidersFilename" desc="()Ljava/io/File;" line="512"><counter type="INSTRUCTION" missed="3" covered="0"/><counter type="LINE" missed="1" covered="0"/><counter type="COMPLEXITY" missed="1" covered="0"/><counter type="METHOD" missed="1" covered="0"/></method><method name="getNoticesFilename" desc="()Ljava/io/File;" line="519"><counter type="INSTRUCTION" missed="3" covered="0"/><counter type="LINE" missed="1" covered="0"/><counter type="COMPLEXITY" missed="1" covered="0"/><counter type="METHOD" missed="1" covered="0"/></method><method name="getCheckedArchivesFilename" desc="()Ljava/io/File;" line="526"><counter type="INSTRUCTION" missed="3" covered="0"/><counter type="LINE" missed="1" covered="0"/><counter type="COMPLEXITY" missed="1" covered="0"/><counter type="METHOD" missed="1" covered="0"/></method><method name="getLicenseUrlMappingsFilename" desc="()Ljava/lang/String;" line="533"><counter type="INSTRUCTION" missed="3" covered="0"/><counter type="LINE" missed="1" covered="0"/><counter type="COMPLEXITY" missed="1" covered="0"/><counter type="METHOD" missed="1" covered="0"/></method><method name="getLicenseNameMappingsFilename" desc="()Ljava/lang/String;" line="540"><counter type="INSTRUCTION" missed="3" covered="0"/><counter type="LINE" missed="1" covered="0"/><counter type="COMPLEXITY" missed="1" covered="0"/><counter type="METHOD" missed="1" covered="0"/></method><method name="getGlobalFiltersFilename" desc="()Ljava/lang/String;" line="547"><counter type="INSTRUCTION" missed="3" covered="0"/><counter type="LINE" missed="1" covered="0"/><counter type="COMPLEXITY" missed="1" covered="0"/><counter type="METHOD" missed="1" covered="0"/></method><method name="getFilteredVendorNamesFilename" desc="()Ljava/lang/String;" line="554"><counter type="INSTRUCTION" missed="3" covered="0"/><counter type="LINE" missed="1" covered="0"/><counter type="COMPLEXITY" missed="1" covered="0"/><counter type="METHOD" missed="1" covered="0"/></method><method name="isCleanOutputActive" desc="()Z" line="561"><counter type="INSTRUCTION" missed="3" covered="0"/><counter type="LINE" missed="1" covered="0"/><counter type="COMPLEXITY" missed="1" covered="0"/><counter type="METHOD" missed="1" covered="0"/></method><method name="getCleanOutputLegalStates" desc="()[Lorg/aposin/licensescout/license/LegalStatus;" line="568"><counter type="INSTRUCTION" missed="3" covered="0"/><counter type="LINE" missed="1" covered="0"/><counter type="COMPLEXITY" missed="1" covered="0"/><counter type="METHOD" missed="1" covered="0"/></method><method name="getCleanOutputLicenseSpdxIdentifiers" desc="()[Ljava/lang/String;" line="575"><counter type="INSTRUCTION" missed="3" covered="0"/><counter type="LINE" missed="1" covered="0"/><counter type="COMPLEXITY" missed="1" covered="0"/><counter type="METHOD" missed="1" covered="0"/></method><method name="getFilteredVendorNames" desc="()Ljava/util/List;" line="582"><counter type="INSTRUCTION" missed="3" covered="0"/><counter type="LINE" missed="1" covered="0"/><counter type="COMPLEXITY" missed="1" covered="0"/><counter type="METHOD" missed="1" covered="0"/></method><method name="getNexusCentralBaseUrl" desc="()Ljava/lang/String;" line="589"><counter type="INSTRUCTION" missed="3" covered="0"/><counter type="LINE" missed="1" covered="0"/><counter type="COMPLEXITY" missed="1" covered="0"/><counter type="METHOD" missed="1" covered="0"/></method><method name="getConnectTimeout" desc="()I" line="596"><counter type="INSTRUCTION" missed="3" covered="0"/><counter type="LINE" missed="1" covered="0"/><counter type="COMPLEXITY" missed="1" covered="0"/><counter type="METHOD" missed="1" covered="0"/></method><method name="isValidateLicenseXml" desc="()Z" line="603"><counter type="INSTRUCTION" missed="3" covered="0"/><counter type="LINE" missed="1" covered="0"/><counter type="COMPLEXITY" missed="1" covered="0"/><counter type="METHOD" missed="1" covered="0"/></method><method name="isWriteArchiveXmlSkeleton" desc="()Z" line="610"><counter type="INSTRUCTION" missed="3" covered="0"/><counter type="LINE" missed="1" covered="0"/><counter type="COMPLEXITY" missed="1" covered="0"/><counter type="METHOD" missed="1" covered="0"/></method><method name="getArchiveXmlSkeletonFile" desc="()Ljava/io/File;" line="617"><counter type="INSTRUCTION" missed="3" covered="0"/><counter type="LINE" missed="1" covered="0"/><counter type="COMPLEXITY" missed="1" covered="0"/><counter type="METHOD" missed="1" covered="0"/></method><method name="isWriteArchiveCsvSkeleton" desc="()Z" line="624"><counter type="INSTRUCTION" missed="3" covered="0"/><counter type="LINE" missed="1" covered="0"/><counter type="COMPLEXITY" missed="1" covered="0"/><counter type="METHOD" missed="1" covered="0"/></method><method name="getArchiveCsvSkeletonFile" desc="()Ljava/io/File;" line="631"><counter type="INSTRUCTION" missed="3" covered="0"/><counter type="LINE" missed="1" covered="0"/><counter type="COMPLEXITY" missed="1" covered="0"/><counter type="METHOD" missed="1" covered="0"/></method><method name="getBuildName" desc="()Ljava/lang/String;" line="638"><counter type="INSTRUCTION" missed="3" covered="0"/><counter type="LINE" missed="1" covered="0"/><counter type="COMPLEXITY" missed="1" covered="0"/><counter type="METHOD" missed="1" covered="0"/></method><method name="getBuildVersion" desc="()Ljava/lang/String;" line="645"><counter type="INSTRUCTION" missed="3" covered="0"/><counter type="LINE" missed="1" covered="0"/><counter type="COMPLEXITY" missed="1" covered="0"/><counter type="METHOD" missed="1" covered="0"/></method><method name="getBuildUrl" desc="()Ljava/lang/String;" line="652"><counter type="INSTRUCTION" missed="3" covered="0"/><counter type="LINE" missed="1" covered="0"/><counter type="COMPLEXITY" missed="1" covered="0"/><counter type="METHOD" missed="1" covered="0"/></method><method name="isWriteResultsToDatabase" desc="()Z" line="659"><counter type="INSTRUCTION" missed="3" covered="0"/><counter type="LINE" missed="1" covered="0"/><counter type="COMPLEXITY" missed="1" covered="0"/><counter type="METHOD" missed="1" covered="0"/></method><method name="isWriteResultsToDatabaseForSnapshotBuilds" desc="()Z" line="666"><counter type="INSTRUCTION" missed="3" covered="0"/><counter type="LINE" missed="1" covered="0"/><counter type="COMPLEXITY" missed="1" covered="0"/><counter type="METHOD" missed="1" covered="0"/></method><method name="getResultDatabaseConfiguration" desc="()Lorg/aposin/licensescout/configuration/DatabaseConfiguration;" line="673"><counter type="INSTRUCTION" missed="3" covered="0"/><counter type="LINE" missed="1" covered="0"/><counter type="COMPLEXITY" missed="1" covered="0"/><counter type="METHOD" missed="1" covered="0"/></method><method name="getRemoteRepositories" desc="()Ljava/util/List;" line="681"><counter type="INSTRUCTION" missed="3" covered="0"/><counter type="LINE" missed="1" covered="0"/><counter type="COMPLEXITY" missed="1" covered="0"/><counter type="METHOD" missed="1" covered="0"/></method><method name="getRepositorySystem" desc="()Lorg/eclipse/aether/RepositorySystem;" line="689"><counter type="INSTRUCTION" missed="3" covered="0"/><counter type="LINE" missed="1" covered="0"/><counter type="COMPLEXITY" missed="1" covered="0"/><counter type="METHOD" missed="1" covered="0"/></method><method name="getRepositorySystemSession" desc="()Lorg/eclipse/aether/RepositorySystemSession;" line="697"><counter type="INSTRUCTION" missed="3" covered="0"/><counter type="LINE" missed="1" covered="0"/><counter type="COMPLEXITY" missed="1" covered="0"/><counter type="METHOD" missed="1" covered="0"/></method><counter type="INSTRUCTION" missed="235" covered="3"/><counter type="BRANCH" missed="10" covered="0"/><counter type="LINE" missed="67" covered="1"/><counter type="COMPLEXITY" missed="40" covered="1"/><counter type="METHOD" missed="35" covered="1"/><counter type="CLASS" missed="0" covered="1"/></class><sourcefile name="NpmScanMojo.java"><line nr="31" mi="0" ci="3" mb="0" cb="0"/><line nr="46" mi="0" ci="2" mb="0" cb="0"/><line nr="53" mi="3" ci="0" mb="0" cb="0"/><counter type="INSTRUCTION" missed="3" covered="5"/><counter type="LINE" missed="1" covered="2"/><counter type="COMPLEXITY" missed="1" covered="2"/><counter type="METHOD" missed="1" covered="2"/><counter type="CLASS" missed="0" covered="1"/></sourcefile><sourcefile name="HelpMojo.java"><line nr="29" mi="3" ci="0" mb="0" cb="0"/><line nr="69" mi="4" ci="0" mb="0" cb="0"/><line nr="70" mi="2" ci="0" mb="0" cb="0"/><line nr="73" mi="5" ci="0" mb="0" cb="0"/><line nr="74" mi="2" ci="0" mb="0" cb="0"/><line nr="75" mi="3" ci="0" mb="0" cb="0"/><line nr="76" mi="6" ci="0" mb="0" cb="0"/><line nr="78" mi="1" ci="0" mb="0" cb="0"/><line nr="80" mi="7" ci="0" mb="0" cb="0"/><line nr="82" mi="1" ci="0" mb="0" cb="0"/><line nr="84" mi="7" ci="0" mb="0" cb="0"/><line nr="86" mi="1" ci="0" mb="0" cb="0"/><line nr="88" mi="7" ci="0" mb="0" cb="0"/><line nr="92" mi="2" ci="0" mb="2" cb="0"/><line nr="96" mi="2" ci="0" mb="0" cb="0"/><line nr="98" mi="1" ci="0" mb="0" cb="0"/><line nr="100" mi="7" ci="0" mb="0" cb="0"/><line nr="101" mi="1" ci="0" mb="0" cb="0"/><line nr="112" mi="3" ci="0" mb="2" cb="0"/><line nr="114" mi="4" ci="0" mb="0" cb="0"/><line nr="115" mi="3" ci="0" mb="0" cb="0"/><line nr="117" mi="3" ci="0" mb="2" cb="0"/><line nr="119" mi="4" ci="0" mb="0" cb="0"/><line nr="120" mi="3" ci="0" mb="0" cb="0"/><line nr="123" mi="3" ci="0" mb="0" cb="0"/><line nr="125" mi="4" ci="0" mb="0" cb="0"/><line nr="126" mi="5" ci="0" mb="0" cb="0"/><line nr="129" mi="5" ci="0" mb="0" cb="0"/><line nr="130" mi="5" ci="0" mb="0" cb="0"/><line nr="131" mi="11" ci="0" mb="0" cb="0"/><line nr="132" mi="7" ci="0" mb="4" cb="0"/><line nr="134" mi="8" ci="0" mb="0" cb="0"/><line nr="138" mi="3" ci="0" mb="2" cb="0"/><line nr="140" mi="6" ci="0" mb="0" cb="0"/><line nr="144" mi="5" ci="0" mb="0" cb="0"/><line nr="147" mi="8" ci="0" mb="0" cb="0"/><line nr="148" mi="5" ci="0" mb="0" cb="0"/><line nr="151" mi="5" ci="0" mb="0" cb="0"/><line nr="153" mi="5" ci="0" mb="0" cb="0"/><line nr="155" mi="5" ci="0" mb="0" cb="0"/><line nr="157" mi="7" ci="0" mb="4" cb="0"/><line nr="159" mi="14" ci="0" mb="2" cb="0"/><line nr="160" mi="5" ci="0" mb="0" cb="0"/><line nr="163" mi="10" ci="0" mb="2" cb="0"/><line nr="165" mi="6" ci="0" mb="0" cb="0"/><line nr="166" mi="1" ci="0" mb="0" cb="0"/><line nr="168" mi="4" ci="0" mb="2" cb="0"/><line nr="170" mi="5" ci="0" mb="0" cb="0"/><line nr="172" mi="1" ci="0" mb="0" cb="0"/><line nr="177" mi="9" ci="0" mb="4" cb="0"/><line nr="183" mi="6" ci="0" mb="0" cb="0"/><line nr="189" mi="5" ci="0" mb="0" cb="0"/><line nr="190" mi="3" ci="0" mb="2" cb="0"/><line nr="192" mi="6" ci="0" mb="0" cb="0"/><line nr="194" mi="4" ci="0" mb="2" cb="0"/><line nr="196" mi="6" ci="0" mb="0" cb="0"/><line nr="198" mi="5" ci="0" mb="0" cb="0"/><line nr="203" mi="4" ci="0" mb="0" cb="0"/><line nr="204" mi="3" ci="0" mb="0" cb="0"/><line nr="205" mi="8" ci="0" mb="2" cb="0"/><line nr="207" mi="4" ci="0" mb="0" cb="0"/><line nr="208" mi="5" ci="0" mb="2" cb="0"/><line nr="210" mi="4" ci="0" mb="0" cb="0"/><line nr="213" mi="2" ci="0" mb="0" cb="0"/><line nr="219" mi="5" ci="0" mb="0" cb="0"/><line nr="220" mi="3" ci="0" mb="2" cb="0"/><line nr="222" mi="2" ci="0" mb="0" cb="0"/><line nr="224" mi="4" ci="0" mb="2" cb="0"/><line nr="226" mi="6" ci="0" mb="0" cb="0"/><line nr="228" mi="5" ci="0" mb="0" cb="0"/><line nr="234" mi="5" ci="0" mb="0" cb="0"/><line nr="235" mi="5" ci="0" mb="0" cb="0"/><line nr="236" mi="5" ci="0" mb="0" cb="0"/><line nr="237" mi="12" ci="0" mb="6" cb="0"/><line nr="239" mi="7" ci="0" mb="0" cb="0"/><line nr="240" mi="5" ci="0" mb="0" cb="0"/><line nr="241" mi="6" ci="0" mb="4" cb="0"/><line nr="243" mi="7" ci="0" mb="0" cb="0"/><line nr="244" mi="5" ci="0" mb="4" cb="0"/><line nr="246" mi="5" ci="0" mb="0" cb="0"/><line nr="247" mi="7" ci="0" mb="0" cb="0"/><line nr="250" mi="2" ci="0" mb="2" cb="0"/><line nr="252" mi="6" ci="0" mb="0" cb="0"/><line nr="254" mi="5" ci="0" mb="0" cb="0"/><line nr="256" mi="3" ci="0" mb="2" cb="0"/><line nr="258" mi="5" ci="0" mb="0" cb="0"/><line nr="259" mi="5" ci="0" mb="0" cb="0"/><line nr="260" mi="5" ci="0" mb="0" cb="0"/><line nr="261" mi="5" ci="0" mb="0" cb="0"/><line nr="263" mi="10" ci="0" mb="2" cb="0"/><line nr="265" mi="5" ci="0" mb="0" cb="0"/><line nr="266" mi="1" ci="0" mb="0" cb="0"/><line nr="269" mi="1" ci="0" mb="0" cb="0"/><line nr="274" mi="5" ci="0" mb="0" cb="0"/><line nr="275" mi="5" ci="0" mb="0" cb="0"/><line nr="277" mi="2" ci="0" mb="0" cb="0"/><line nr="278" mi="2" ci="0" mb="2" cb="0"/><line nr="280" mi="6" ci="0" mb="0" cb="0"/><line nr="283" mi="2" ci="0" mb="0" cb="0"/><line nr="284" mi="6" ci="0" mb="4" cb="0"/><line nr="286" mi="5" ci="0" mb="0" cb="0"/><line nr="288" mi="7" ci="0" mb="0" cb="0"/><line nr="289" mi="5" ci="0" mb="0" cb="0"/><line nr="290" mi="6" ci="0" mb="4" cb="0"/><line nr="292" mi="7" ci="0" mb="0" cb="0"/><line nr="293" mi="5" ci="0" mb="0" cb="0"/><line nr="295" mi="5" ci="0" mb="0" cb="0"/><line nr="296" mi="7" ci="0" mb="2" cb="0"/><line nr="298" mi="5" ci="0" mb="0" cb="0"/><line nr="300" mi="6" ci="0" mb="4" cb="0"/><line nr="302" mi="5" ci="0" mb="0" cb="0"/><line nr="303" mi="6" ci="0" mb="0" cb="0"/><line nr="306" mi="5" ci="0" mb="0" cb="0"/><line nr="307" mi="1" ci="0" mb="0" cb="0"/><line nr="320" mi="8" ci="0" mb="0" cb="0"/><line nr="322" mi="7" ci="0" mb="2" cb="0"/><line nr="324" mi="4" ci="0" mb="0" cb="0"/><line nr="327" mi="3" ci="0" mb="0" cb="0"/><line nr="340" mi="16" ci="0" mb="2" cb="0"/><line nr="342" mi="6" ci="0" mb="0" cb="0"/><line nr="343" mi="1" ci="0" mb="0" cb="0"/><line nr="344" mi="1" ci="0" mb="0" cb="0"/><line nr="358" mi="4" ci="0" mb="0" cb="0"/><line nr="360" mi="4" ci="0" mb="0" cb="0"/><line nr="362" mi="4" ci="0" mb="0" cb="0"/><line nr="364" mi="16" ci="0" mb="2" cb="0"/><line nr="366" mi="7" ci="0" mb="0" cb="0"/><line nr="369" mi="2" ci="0" mb="0" cb="0"/><line nr="382" mi="3" ci="0" mb="0" cb="0"/><line nr="383" mi="5" ci="0" mb="0" cb="0"/><line nr="385" mi="4" ci="0" mb="0" cb="0"/><line nr="387" mi="16" ci="0" mb="2" cb="0"/><line nr="389" mi="3" ci="0" mb="2" cb="0"/><line nr="391" mi="7" ci="0" mb="2" cb="0"/><line nr="393" mi="5" ci="0" mb="0" cb="0"/><line nr="394" mi="3" ci="0" mb="0" cb="0"/><line nr="395" mi="9" ci="0" mb="0" cb="0"/><line nr="399" mi="4" ci="0" mb="0" cb="0"/><line nr="403" mi="8" ci="0" mb="2" cb="0"/><line nr="405" mi="4" ci="0" mb="0" cb="0"/><line nr="406" mi="3" ci="0" mb="2" cb="0"/><line nr="408" mi="12" ci="0" mb="0" cb="0"/><line nr="410" mi="3" ci="0" mb="2" cb="0"/><line nr="412" mi="5" ci="0" mb="0" cb="0"/><line nr="416" mi="4" ci="0" mb="0" cb="0"/><line nr="420" mi="5" ci="0" mb="0" cb="0"/><line nr="421" mi="1" ci="0" mb="0" cb="0"/><line nr="431" mi="2" ci="0" mb="0" cb="0"/><line nr="432" mi="13" ci="0" mb="4" cb="0"/><line nr="434" mi="1" ci="0" mb="0" cb="0"/><line nr="436" mi="15" ci="0" mb="4" cb="0"/><line nr="438" mi="5" ci="0" mb="2" cb="0"/><line nr="440" mi="1" ci="0" mb="0" cb="0"/><line nr="441" mi="1" ci="0" mb="0" cb="0"/><line nr="444" mi="2" ci="0" mb="0" cb="0"/><line nr="449" mi="12" ci="0" mb="6" cb="0"/><line nr="450" mi="4" ci="0" mb="2" cb="0"/><line nr="453" mi="8" ci="0" mb="0" cb="0"/><line nr="456" mi="2" ci="0" mb="0" cb="0"/><counter type="INSTRUCTION" missed="802" covered="0"/><counter type="BRANCH" missed="110" covered="0"/><counter type="LINE" missed="159" covered="0"/><counter type="COMPLEXITY" missed="71" covered="0"/><counter type="METHOD" missed="16" covered="0"/><counter type="CLASS" missed="1" covered="0"/></sourcefile><sourcefile name="AbstractScanMojo.java"><line nr="56" mi="0" ci="3" mb="0" cb="0"/><line nr="396" mi="6" ci="0" mb="0" cb="0"/><line nr="398" mi="3" ci="0" mb="2" cb="0"/><line nr="399" mi="3" ci="0" mb="0" cb="0"/><line nr="400" mi="1" ci="0" mb="0" cb="0"/><line nr="402" mi="2" ci="0" mb="0" cb="0"/><line nr="403" mi="8" ci="0" mb="4" cb="0"/><line nr="404" mi="5" ci="0" mb="0" cb="0"/><line nr="407" mi="4" ci="0" mb="0" cb="0"/><line nr="408" mi="4" ci="0" mb="0" cb="0"/><line nr="410" mi="3" ci="0" mb="0" cb="0"/><line nr="411" mi="3" ci="0" mb="0" cb="0"/><line nr="412" mi="1" ci="0" mb="0" cb="0"/><line nr="413" mi="8" ci="0" mb="0" cb="0"/><line nr="414" mi="1" ci="0" mb="0" cb="0"/><line nr="415" mi="4" ci="0" mb="0" cb="0"/><line nr="416" mi="3" ci="0" mb="0" cb="0"/><line nr="417" mi="11" ci="0" mb="0" cb="0"/><line nr="419" mi="6" ci="0" mb="0" cb="0"/><line nr="422" mi="6" ci="0" mb="0" cb="0"/><line nr="424" mi="2" ci="0" mb="0" cb="0"/><line nr="425" mi="1" ci="0" mb="0" cb="0"/><line nr="426" mi="8" ci="0" mb="0" cb="0"/><line nr="427" mi="1" ci="0" mb="0" cb="0"/><line nr="429" mi="4" ci="0" mb="0" cb="0"/><line nr="430" mi="1" ci="0" mb="0" cb="0"/><line nr="442" mi="2" ci="0" mb="2" cb="0"/><line nr="443" mi="7" ci="0" mb="0" cb="0"/><line nr="444" mi="6" ci="0" mb="0" cb="0"/><line nr="446" mi="6" ci="0" mb="0" cb="0"/><line nr="447" mi="3" ci="0" mb="0" cb="0"/><line nr="449" mi="2" ci="0" mb="0" cb="0"/><line nr="457" mi="3" ci="0" mb="2" cb="0"/><line nr="458" mi="7" ci="0" mb="0" cb="0"/><line nr="460" mi="3" ci="0" mb="0" cb="0"/><line nr="462" mi="1" ci="0" mb="0" cb="0"/><line nr="477" mi="3" ci="0" mb="0" cb="0"/><line nr="484" mi="3" ci="0" mb="0" cb="0"/><line nr="491" mi="3" ci="0" mb="0" cb="0"/><line nr="498" mi="3" ci="0" mb="0" cb="0"/><line nr="505" mi="3" ci="0" mb="0" cb="0"/><line nr="512" mi="3" ci="0" mb="0" cb="0"/><line nr="519" mi="3" ci="0" mb="0" cb="0"/><line nr="526" mi="3" ci="0" mb="0" cb="0"/><line nr="533" mi="3" ci="0" mb="0" cb="0"/><line nr="540" mi="3" ci="0" mb="0" cb="0"/><line nr="547" mi="3" ci="0" mb="0" cb="0"/><line nr="554" mi="3" ci="0" mb="0" cb="0"/><line nr="561" mi="3" ci="0" mb="0" cb="0"/><line nr="568" mi="3" ci="0" mb="0" cb="0"/><line nr="575" mi="3" ci="0" mb="0" cb="0"/><line nr="582" mi="3" ci="0" mb="0" cb="0"/><line nr="589" mi="3" ci="0" mb="0" cb="0"/><line nr="596" mi="3" ci="0" mb="0" cb="0"/><line nr="603" mi="3" ci="0" mb="0" cb="0"/><line nr="610" mi="3" ci="0" mb="0" cb="0"/><line nr="617" mi="3" ci="0" mb="0" cb="0"/><line nr="624" mi="3" ci="0" mb="0" cb="0"/><line nr="631" mi="3" ci="0" mb="0" cb="0"/><line nr="638" mi="3" ci="0" mb="0" cb="0"/><line nr="645" mi="3" ci="0" mb="0" cb="0"/><line nr="652" mi="3" ci="0" mb="0" cb="0"/><line nr="659" mi="3" ci="0" mb="0" cb="0"/><line nr="666" mi="3" ci="0" mb="0" cb="0"/><line nr="673" mi="3" ci="0" mb="0" cb="0"/><line nr="681" mi="3" ci="0" mb="0" cb="0"/><line nr="689" mi="3" ci="0" mb="0" cb="0"/><line nr="697" mi="3" ci="0" mb="0" cb="0"/><counter type="INSTRUCTION" missed="235" covered="3"/><counter type="BRANCH" missed="10" covered="0"/><counter type="LINE" missed="67" covered="1"/><counter type="COMPLEXITY" missed="40" covered="1"/><counter type="METHOD" missed="35" covered="1"/><counter type="CLASS" missed="0" covered="1"/></sourcefile><sourcefile name="AttachHelper.java"><line nr="30" mi="3" ci="0" mb="0" cb="0"/><line nr="42" mi="2" ci="0" mb="0" cb="0"/><line nr="43" mi="11" ci="0" mb="2" cb="0"/><line nr="44" mi="4" ci="0" mb="0" cb="0"/><line nr="45" mi="5" ci="0" mb="0" cb="0"/><line nr="46" mi="3" ci="0" mb="0" cb="0"/><line nr="47" mi="6" ci="0" mb="0" cb="0"/><line nr="48" mi="6" ci="0" mb="0" cb="0"/><line nr="49" mi="1" ci="0" mb="0" cb="0"/><line nr="50" mi="1" ci="0" mb="0" cb="0"/><counter type="INSTRUCTION" missed="42" covered="0"/><counter type="BRANCH" missed="2" covered="0"/><counter type="LINE" missed="10" covered="0"/><counter type="COMPLEXITY" missed="3" covered="0"/><counter type="METHOD" missed="2" covered="0"/><counter type="CLASS" missed="1" covered="0"/></sourcefile><sourcefile name="JavaScanMojo.java"><line nr="28" mi="0" ci="3" mb="0" cb="0"/><line nr="35" mi="0" ci="2" mb="0" cb="0"/><counter type="INSTRUCTION" missed="0" covered="5"/><counter type="LINE" missed="0" covered="2"/><counter type="COMPLEXITY" missed="0" covered="2"/><counter type="METHOD" missed="0" covered="2"/><counter type="CLASS" missed="0" covered="1"/></sourcefile><counter type="INSTRUCTION" missed="1082" covered="13"/><counter type="BRANCH" missed="122" covered="0"/><counter type="LINE" missed="237" covered="5"/><counter type="COMPLEXITY" missed="115" covered="5"/><counter type="METHOD" missed="54" covered="5"/><counter type="CLASS" missed="2" covered="3"/></package><counter type="INSTRUCTION" missed="1082" covered="13"/><counter type="BRANCH" missed="122" covered="0"/><counter type="LINE" missed="237" covered="5"/><counter type="COMPLEXITY" missed="115" covered="5"/><counter type="METHOD" missed="54" covered="5"/><counter type="CLASS" missed="2" covered="3"/></report>